<?xml version="1.0" encoding="UTF-8"?>
<testsuite xmlns:xsi="http://www.w3.org/2001/XMLSchema-instance" xsi:noNamespaceSchemaLocation="https://maven.apache.org/surefire/maven-surefire-plugin/xsd/surefire-test-report-3.0.xsd" version="3.0" name="TestSuite" time="13.744" tests="4" errors="0" skipped="0" failures="2">
  <properties>
    <property name="sun.desktop" value="windows"/>
    <property name="awt.toolkit" value="sun.awt.windows.WToolkit"/>
    <property name="java.specification.version" value="11"/>
    <property name="sun.cpu.isalist" value="amd64"/>
    <property name="sun.jnu.encoding" value="Cp1252"/>
    <property name="java.class.path" value="C:\Users\gnsan\eclipse-workspace\ApiAutomationFramework\target\test-classes;C:\Users\gnsan\eclipse-workspace\ApiAutomationFramework\target\classes;C:\Users\gnsan\.m2\repository\io\rest-assured\rest-assured\5.4.0\rest-assured-5.4.0.jar;C:\Users\gnsan\.m2\repository\org\apache\groovy\groovy\4.0.16\groovy-4.0.16.jar;C:\Users\gnsan\.m2\repository\org\apache\groovy\groovy-xml\4.0.16\groovy-xml-4.0.16.jar;C:\Users\gnsan\.m2\repository\org\apache\httpcomponents\httpclient\4.5.13\httpclient-4.5.13.jar;C:\Users\gnsan\.m2\repository\org\apache\httpcomponents\httpcore\4.4.13\httpcore-4.4.13.jar;C:\Users\gnsan\.m2\repository\commons-logging\commons-logging\1.2\commons-logging-1.2.jar;C:\Users\gnsan\.m2\repository\org\apache\httpcomponents\httpmime\4.5.13\httpmime-4.5.13.jar;C:\Users\gnsan\.m2\repository\org\hamcrest\hamcrest\2.2\hamcrest-2.2.jar;C:\Users\gnsan\.m2\repository\org\ccil\cowan\tagsoup\tagsoup\1.2.1\tagsoup-1.2.1.jar;C:\Users\gnsan\.m2\repository\io\rest-assured\xml-path\5.4.0\xml-path-5.4.0.jar;C:\Users\gnsan\.m2\repository\org\testng\testng\7.9.0\testng-7.9.0.jar;C:\Users\gnsan\.m2\repository\org\slf4j\slf4j-api\1.7.36\slf4j-api-1.7.36.jar;C:\Users\gnsan\.m2\repository\com\beust\jcommander\1.82\jcommander-1.82.jar;C:\Users\gnsan\.m2\repository\org\webjars\jquery\3.7.1\jquery-3.7.1.jar;C:\Users\gnsan\.m2\repository\io\rest-assured\json-path\5.4.0\json-path-5.4.0.jar;C:\Users\gnsan\.m2\repository\org\apache\groovy\groovy-json\4.0.16\groovy-json-4.0.16.jar;C:\Users\gnsan\.m2\repository\io\rest-assured\rest-assured-common\5.4.0\rest-assured-common-5.4.0.jar;C:\Users\gnsan\.m2\repository\com\google\code\gson\gson\2.10.1\gson-2.10.1.jar;C:\Users\gnsan\.m2\repository\org\json\json\20231013\json-20231013.jar;C:\Users\gnsan\.m2\repository\com\github\scribejava\scribejava-apis\8.3.3\scribejava-apis-8.3.3.jar;C:\Users\gnsan\.m2\repository\com\github\scribejava\scribejava-core\8.3.3\scribejava-core-8.3.3.jar;C:\Users\gnsan\.m2\repository\com\github\scribejava\scribejava-java8\8.3.3\scribejava-java8-8.3.3.jar;C:\Users\gnsan\.m2\repository\com\fasterxml\jackson\core\jackson-databind\2.14.0\jackson-databind-2.14.0.jar;C:\Users\gnsan\.m2\repository\com\fasterxml\jackson\core\jackson-annotations\2.14.0\jackson-annotations-2.14.0.jar;C:\Users\gnsan\.m2\repository\com\fasterxml\jackson\core\jackson-core\2.14.0\jackson-core-2.14.0.jar;C:\Users\gnsan\.m2\repository\io\rest-assured\json-schema-validator\5.4.0\json-schema-validator-5.4.0.jar;C:\Users\gnsan\.m2\repository\com\github\java-json-tools\json-schema-validator\2.2.14\json-schema-validator-2.2.14.jar;C:\Users\gnsan\.m2\repository\com\github\java-json-tools\jackson-coreutils-equivalence\1.0\jackson-coreutils-equivalence-1.0.jar;C:\Users\gnsan\.m2\repository\com\github\java-json-tools\jackson-coreutils\2.0\jackson-coreutils-2.0.jar;C:\Users\gnsan\.m2\repository\com\github\java-json-tools\msg-simple\1.2\msg-simple-1.2.jar;C:\Users\gnsan\.m2\repository\com\github\java-json-tools\btf\1.3\btf-1.3.jar;C:\Users\gnsan\.m2\repository\com\github\java-json-tools\json-schema-core\1.2.14\json-schema-core-1.2.14.jar;C:\Users\gnsan\.m2\repository\com\github\java-json-tools\uri-template\0.10\uri-template-0.10.jar;C:\Users\gnsan\.m2\repository\org\mozilla\rhino\1.7.7.2\rhino-1.7.7.2.jar;C:\Users\gnsan\.m2\repository\com\sun\mail\mailapi\1.6.2\mailapi-1.6.2.jar;C:\Users\gnsan\.m2\repository\joda-time\joda-time\2.10.5\joda-time-2.10.5.jar;C:\Users\gnsan\.m2\repository\com\googlecode\libphonenumber\libphonenumber\8.11.1\libphonenumber-8.11.1.jar;C:\Users\gnsan\.m2\repository\com\google\code\findbugs\jsr305\3.0.2\jsr305-3.0.2.jar;C:\Users\gnsan\.m2\repository\net\sf\jopt-simple\jopt-simple\5.0.4\jopt-simple-5.0.4.jar;C:\Users\gnsan\.m2\repository\com\google\guava\guava\32.0.1-jre\guava-32.0.1-jre.jar;C:\Users\gnsan\.m2\repository\com\google\guava\failureaccess\1.0.1\failureaccess-1.0.1.jar;C:\Users\gnsan\.m2\repository\com\google\guava\listenablefuture\9999.0-empty-to-avoid-conflict-with-guava\listenablefuture-9999.0-empty-to-avoid-conflict-with-guava.jar;C:\Users\gnsan\.m2\repository\org\checkerframework\checker-qual\3.33.0\checker-qual-3.33.0.jar;C:\Users\gnsan\.m2\repository\com\google\errorprone\error_prone_annotations\2.18.0\error_prone_annotations-2.18.0.jar;C:\Users\gnsan\.m2\repository\com\google\j2objc\j2objc-annotations\2.8\j2objc-annotations-2.8.jar;C:\Users\gnsan\.m2\repository\com\github\javafaker\javafaker\1.0.2\javafaker-1.0.2.jar;C:\Users\gnsan\.m2\repository\org\apache\commons\commons-lang3\3.5\commons-lang3-3.5.jar;C:\Users\gnsan\.m2\repository\org\yaml\snakeyaml\1.23\snakeyaml-1.23-android.jar;C:\Users\gnsan\.m2\repository\com\github\mifmif\generex\1.0.2\generex-1.0.2.jar;C:\Users\gnsan\.m2\repository\dk\brics\automaton\automaton\1.11-8\automaton-1.11-8.jar;C:\Users\gnsan\.m2\repository\org\apache\poi\poi\5.2.5\poi-5.2.5.jar;C:\Users\gnsan\.m2\repository\commons-codec\commons-codec\1.16.0\commons-codec-1.16.0.jar;C:\Users\gnsan\.m2\repository\org\apache\commons\commons-collections4\4.4\commons-collections4-4.4.jar;C:\Users\gnsan\.m2\repository\org\apache\commons\commons-math3\3.6.1\commons-math3-3.6.1.jar;C:\Users\gnsan\.m2\repository\commons-io\commons-io\2.15.0\commons-io-2.15.0.jar;C:\Users\gnsan\.m2\repository\com\zaxxer\SparseBitSet\1.3\SparseBitSet-1.3.jar;C:\Users\gnsan\.m2\repository\org\apache\logging\log4j\log4j-api\2.21.1\log4j-api-2.21.1.jar;C:\Users\gnsan\.m2\repository\org\apache\poi\poi-ooxml\5.2.5\poi-ooxml-5.2.5.jar;C:\Users\gnsan\.m2\repository\org\apache\poi\poi-ooxml-lite\5.2.5\poi-ooxml-lite-5.2.5.jar;C:\Users\gnsan\.m2\repository\org\apache\xmlbeans\xmlbeans\5.2.0\xmlbeans-5.2.0.jar;C:\Users\gnsan\.m2\repository\org\apache\commons\commons-compress\1.25.0\commons-compress-1.25.0.jar;C:\Users\gnsan\.m2\repository\com\github\virtuald\curvesapi\1.08\curvesapi-1.08.jar;C:\Users\gnsan\.m2\repository\org\apache\poi\poi-ooxml-schemas\4.1.2\poi-ooxml-schemas-4.1.2.jar;C:\Users\gnsan\.m2\repository\com\aventstack\extentreports\5.1.1\extentreports-5.1.1.jar;C:\Users\gnsan\.m2\repository\io\reactivex\rxjava3\rxjava\3.1.6\rxjava-3.1.6.jar;C:\Users\gnsan\.m2\repository\org\reactivestreams\reactive-streams\1.0.4\reactive-streams-1.0.4.jar;C:\Users\gnsan\.m2\repository\org\freemarker\freemarker\2.3.32\freemarker-2.3.32.jar;C:\Users\gnsan\.m2\repository\org\projectlombok\lombok\1.18.26\lombok-1.18.26.jar;C:\Users\gnsan\.m2\repository\log4j\log4j\1.2.17\log4j-1.2.17.jar;"/>
    <property name="java.vm.vendor" value="Oracle Corporation"/>
    <property name="sun.arch.data.model" value="64"/>
    <property name="user.variant" value=""/>
    <property name="java.vendor.url" value="https://openjdk.java.net/"/>
    <property name="user.timezone" value="Asia/Calcutta"/>
    <property name="java.vm.specification.version" value="11"/>
    <property name="os.name" value="Windows 10"/>
    <property name="sun.java.launcher" value="SUN_STANDARD"/>
    <property name="user.country" value="US"/>
    <property name="sun.boot.library.path" value="C:\Program Files\Java\jdk-11\bin"/>
    <property name="sun.java.command" value="C:\Users\gnsan\AppData\Local\Temp\surefire7389445527965277545\surefirebooter-20240210145321085_3.jar C:\Users\gnsan\AppData\Local\Temp\surefire7389445527965277545 2024-02-10T14-53-20_563-jvmRun1 surefire-20240210145321085_1tmp surefire_0-20240210145321085_2tmp"/>
    <property name="jdk.debug" value="release"/>
    <property name="surefire.test.class.path" value="C:\Users\gnsan\eclipse-workspace\ApiAutomationFramework\target\test-classes;C:\Users\gnsan\eclipse-workspace\ApiAutomationFramework\target\classes;C:\Users\gnsan\.m2\repository\io\rest-assured\rest-assured\5.4.0\rest-assured-5.4.0.jar;C:\Users\gnsan\.m2\repository\org\apache\groovy\groovy\4.0.16\groovy-4.0.16.jar;C:\Users\gnsan\.m2\repository\org\apache\groovy\groovy-xml\4.0.16\groovy-xml-4.0.16.jar;C:\Users\gnsan\.m2\repository\org\apache\httpcomponents\httpclient\4.5.13\httpclient-4.5.13.jar;C:\Users\gnsan\.m2\repository\org\apache\httpcomponents\httpcore\4.4.13\httpcore-4.4.13.jar;C:\Users\gnsan\.m2\repository\commons-logging\commons-logging\1.2\commons-logging-1.2.jar;C:\Users\gnsan\.m2\repository\org\apache\httpcomponents\httpmime\4.5.13\httpmime-4.5.13.jar;C:\Users\gnsan\.m2\repository\org\hamcrest\hamcrest\2.2\hamcrest-2.2.jar;C:\Users\gnsan\.m2\repository\org\ccil\cowan\tagsoup\tagsoup\1.2.1\tagsoup-1.2.1.jar;C:\Users\gnsan\.m2\repository\io\rest-assured\xml-path\5.4.0\xml-path-5.4.0.jar;C:\Users\gnsan\.m2\repository\org\testng\testng\7.9.0\testng-7.9.0.jar;C:\Users\gnsan\.m2\repository\org\slf4j\slf4j-api\1.7.36\slf4j-api-1.7.36.jar;C:\Users\gnsan\.m2\repository\com\beust\jcommander\1.82\jcommander-1.82.jar;C:\Users\gnsan\.m2\repository\org\webjars\jquery\3.7.1\jquery-3.7.1.jar;C:\Users\gnsan\.m2\repository\io\rest-assured\json-path\5.4.0\json-path-5.4.0.jar;C:\Users\gnsan\.m2\repository\org\apache\groovy\groovy-json\4.0.16\groovy-json-4.0.16.jar;C:\Users\gnsan\.m2\repository\io\rest-assured\rest-assured-common\5.4.0\rest-assured-common-5.4.0.jar;C:\Users\gnsan\.m2\repository\com\google\code\gson\gson\2.10.1\gson-2.10.1.jar;C:\Users\gnsan\.m2\repository\org\json\json\20231013\json-20231013.jar;C:\Users\gnsan\.m2\repository\com\github\scribejava\scribejava-apis\8.3.3\scribejava-apis-8.3.3.jar;C:\Users\gnsan\.m2\repository\com\github\scribejava\scribejava-core\8.3.3\scribejava-core-8.3.3.jar;C:\Users\gnsan\.m2\repository\com\github\scribejava\scribejava-java8\8.3.3\scribejava-java8-8.3.3.jar;C:\Users\gnsan\.m2\repository\com\fasterxml\jackson\core\jackson-databind\2.14.0\jackson-databind-2.14.0.jar;C:\Users\gnsan\.m2\repository\com\fasterxml\jackson\core\jackson-annotations\2.14.0\jackson-annotations-2.14.0.jar;C:\Users\gnsan\.m2\repository\com\fasterxml\jackson\core\jackson-core\2.14.0\jackson-core-2.14.0.jar;C:\Users\gnsan\.m2\repository\io\rest-assured\json-schema-validator\5.4.0\json-schema-validator-5.4.0.jar;C:\Users\gnsan\.m2\repository\com\github\java-json-tools\json-schema-validator\2.2.14\json-schema-validator-2.2.14.jar;C:\Users\gnsan\.m2\repository\com\github\java-json-tools\jackson-coreutils-equivalence\1.0\jackson-coreutils-equivalence-1.0.jar;C:\Users\gnsan\.m2\repository\com\github\java-json-tools\jackson-coreutils\2.0\jackson-coreutils-2.0.jar;C:\Users\gnsan\.m2\repository\com\github\java-json-tools\msg-simple\1.2\msg-simple-1.2.jar;C:\Users\gnsan\.m2\repository\com\github\java-json-tools\btf\1.3\btf-1.3.jar;C:\Users\gnsan\.m2\repository\com\github\java-json-tools\json-schema-core\1.2.14\json-schema-core-1.2.14.jar;C:\Users\gnsan\.m2\repository\com\github\java-json-tools\uri-template\0.10\uri-template-0.10.jar;C:\Users\gnsan\.m2\repository\org\mozilla\rhino\1.7.7.2\rhino-1.7.7.2.jar;C:\Users\gnsan\.m2\repository\com\sun\mail\mailapi\1.6.2\mailapi-1.6.2.jar;C:\Users\gnsan\.m2\repository\joda-time\joda-time\2.10.5\joda-time-2.10.5.jar;C:\Users\gnsan\.m2\repository\com\googlecode\libphonenumber\libphonenumber\8.11.1\libphonenumber-8.11.1.jar;C:\Users\gnsan\.m2\repository\com\google\code\findbugs\jsr305\3.0.2\jsr305-3.0.2.jar;C:\Users\gnsan\.m2\repository\net\sf\jopt-simple\jopt-simple\5.0.4\jopt-simple-5.0.4.jar;C:\Users\gnsan\.m2\repository\com\google\guava\guava\32.0.1-jre\guava-32.0.1-jre.jar;C:\Users\gnsan\.m2\repository\com\google\guava\failureaccess\1.0.1\failureaccess-1.0.1.jar;C:\Users\gnsan\.m2\repository\com\google\guava\listenablefuture\9999.0-empty-to-avoid-conflict-with-guava\listenablefuture-9999.0-empty-to-avoid-conflict-with-guava.jar;C:\Users\gnsan\.m2\repository\org\checkerframework\checker-qual\3.33.0\checker-qual-3.33.0.jar;C:\Users\gnsan\.m2\repository\com\google\errorprone\error_prone_annotations\2.18.0\error_prone_annotations-2.18.0.jar;C:\Users\gnsan\.m2\repository\com\google\j2objc\j2objc-annotations\2.8\j2objc-annotations-2.8.jar;C:\Users\gnsan\.m2\repository\com\github\javafaker\javafaker\1.0.2\javafaker-1.0.2.jar;C:\Users\gnsan\.m2\repository\org\apache\commons\commons-lang3\3.5\commons-lang3-3.5.jar;C:\Users\gnsan\.m2\repository\org\yaml\snakeyaml\1.23\snakeyaml-1.23-android.jar;C:\Users\gnsan\.m2\repository\com\github\mifmif\generex\1.0.2\generex-1.0.2.jar;C:\Users\gnsan\.m2\repository\dk\brics\automaton\automaton\1.11-8\automaton-1.11-8.jar;C:\Users\gnsan\.m2\repository\org\apache\poi\poi\5.2.5\poi-5.2.5.jar;C:\Users\gnsan\.m2\repository\commons-codec\commons-codec\1.16.0\commons-codec-1.16.0.jar;C:\Users\gnsan\.m2\repository\org\apache\commons\commons-collections4\4.4\commons-collections4-4.4.jar;C:\Users\gnsan\.m2\repository\org\apache\commons\commons-math3\3.6.1\commons-math3-3.6.1.jar;C:\Users\gnsan\.m2\repository\commons-io\commons-io\2.15.0\commons-io-2.15.0.jar;C:\Users\gnsan\.m2\repository\com\zaxxer\SparseBitSet\1.3\SparseBitSet-1.3.jar;C:\Users\gnsan\.m2\repository\org\apache\logging\log4j\log4j-api\2.21.1\log4j-api-2.21.1.jar;C:\Users\gnsan\.m2\repository\org\apache\poi\poi-ooxml\5.2.5\poi-ooxml-5.2.5.jar;C:\Users\gnsan\.m2\repository\org\apache\poi\poi-ooxml-lite\5.2.5\poi-ooxml-lite-5.2.5.jar;C:\Users\gnsan\.m2\repository\org\apache\xmlbeans\xmlbeans\5.2.0\xmlbeans-5.2.0.jar;C:\Users\gnsan\.m2\repository\org\apache\commons\commons-compress\1.25.0\commons-compress-1.25.0.jar;C:\Users\gnsan\.m2\repository\com\github\virtuald\curvesapi\1.08\curvesapi-1.08.jar;C:\Users\gnsan\.m2\repository\org\apache\poi\poi-ooxml-schemas\4.1.2\poi-ooxml-schemas-4.1.2.jar;C:\Users\gnsan\.m2\repository\com\aventstack\extentreports\5.1.1\extentreports-5.1.1.jar;C:\Users\gnsan\.m2\repository\io\reactivex\rxjava3\rxjava\3.1.6\rxjava-3.1.6.jar;C:\Users\gnsan\.m2\repository\org\reactivestreams\reactive-streams\1.0.4\reactive-streams-1.0.4.jar;C:\Users\gnsan\.m2\repository\org\freemarker\freemarker\2.3.32\freemarker-2.3.32.jar;C:\Users\gnsan\.m2\repository\org\projectlombok\lombok\1.18.26\lombok-1.18.26.jar;C:\Users\gnsan\.m2\repository\log4j\log4j\1.2.17\log4j-1.2.17.jar;"/>
    <property name="sun.cpu.endian" value="little"/>
    <property name="user.home" value="C:\Users\gnsan"/>
    <property name="user.language" value="en"/>
    <property name="java.specification.vendor" value="Oracle Corporation"/>
    <property name="java.version.date" value="2023-01-17"/>
    <property name="java.home" value="C:\Program Files\Java\jdk-11"/>
    <property name="file.separator" value="\"/>
    <property name="style.color" value="always"/>
    <property name="basedir" value="C:\Users\gnsan\eclipse-workspace\ApiAutomationFramework"/>
    <property name="java.vm.compressedOopsMode" value="32-bit"/>
    <property name="line.separator" value="&#10;"/>
    <property name="java.specification.name" value="Java Platform API Specification"/>
    <property name="java.vm.specification.vendor" value="Oracle Corporation"/>
    <property name="java.awt.graphicsenv" value="sun.awt.Win32GraphicsEnvironment"/>
    <property name="surefire.real.class.path" value="C:\Users\gnsan\AppData\Local\Temp\surefire7389445527965277545\surefirebooter-20240210145321085_3.jar"/>
    <property name="user.script" value=""/>
    <property name="sun.management.compiler" value="HotSpot 64-Bit Tiered Compilers"/>
    <property name="java.runtime.version" value="11.0.18+9-LTS-195"/>
    <property name="user.name" value="gnsan"/>
    <property name="path.separator" value=";"/>
    <property name="os.version" value="10.0"/>
    <property name="java.runtime.name" value="Java(TM) SE Runtime Environment"/>
    <property name="file.encoding" value="Cp1252"/>
    <property name="java.vm.name" value="Java HotSpot(TM) 64-Bit Server VM"/>
    <property name="java.vendor.version" value="18.9"/>
    <property name="localRepository" value="C:\Users\gnsan\.m2\repository"/>
    <property name="java.vendor.url.bug" value="https://bugreport.java.com/bugreport/"/>
    <property name="java.io.tmpdir" value="C:\Users\gnsan\AppData\Local\Temp\"/>
    <property name="java.version" value="11.0.18"/>
    <property name="user.dir" value="C:\Users\gnsan\eclipse-workspace\ApiAutomationFramework"/>
    <property name="os.arch" value="amd64"/>
    <property name="java.vm.specification.name" value="Java Virtual Machine Specification"/>
    <property name="java.awt.printerjob" value="sun.awt.windows.WPrinterJob"/>
    <property name="sun.os.patch.level" value=""/>
    <property name="java.library.path" value="C:\Program Files\Java\jdk-11\bin;C:\WINDOWS\Sun\Java\bin;C:\WINDOWS\system32;C:\WINDOWS;C:/Users/gnsan/.p2/pool/plugins/org.eclipse.justj.openjdk.hotspot.jre.full.win32.x86_64_17.0.10.v20240120-1143/jre/bin/server;C:/Users/gnsan/.p2/pool/plugins/org.eclipse.justj.openjdk.hotspot.jre.full.win32.x86_64_17.0.10.v20240120-1143/jre/bin;C:\Program Files\Common Files\Oracle\Java\javapath;C:\WINDOWS\system32;C:\WINDOWS;C:\WINDOWS\System32\Wbem;C:\WINDOWS\System32\WindowsPowerShell\v1.0\;C:\WINDOWS\System32\OpenSSH\;C:\Program Files\Java\jdk-11;C:\Program Files\Java\jdk-11\bin\;C:\Program Files\apache-maven-3.9.6;C:\Program Files\apache-maven-3.9.6\bin;C:\Program Files\Git\cmd;C:\Program Files\nodejs\;C:\Program Files\nodejs;C:\Program Files\nodejs\node_modules;C:\Users\gnsan\AppData\Local\Microsoft\WindowsApps;C:\Users\gnsan\AppData\Roaming\npm;C:\WINDOWS\system32;;."/>
    <property name="java.vendor" value="Oracle Corporation"/>
    <property name="java.vm.info" value="mixed mode"/>
    <property name="java.vm.version" value="11.0.18+9-LTS-195"/>
    <property name="sun.io.unicode.encoding" value="UnicodeLittle"/>
    <property name="java.class.version" value="55.0"/>
  </properties>
  <testcase name="testDeleteUserByName" classname="com.api.tests.UserTest" time="4.391">
    <failure message="expected [200] but found [404]" type="java.lang.AssertionError"><![CDATA[java.lang.AssertionError: expected [200] but found [404]
	at org.testng.Assert.fail(Assert.java:111)
	at org.testng.Assert.failNotEquals(Assert.java:1578)
	at org.testng.Assert.assertEqualsImpl(Assert.java:150)
	at org.testng.Assert.assertEquals(Assert.java:132)
	at org.testng.Assert.assertEquals(Assert.java:1419)
	at org.testng.Assert.assertEquals(Assert.java:1383)
	at org.testng.Assert.assertEquals(Assert.java:1429)
	at com.api.tests.UserTest.testDeleteUserByName(UserTest.java:80)
	at java.base/jdk.internal.reflect.NativeMethodAccessorImpl.invoke0(Native Method)
	at java.base/jdk.internal.reflect.NativeMethodAccessorImpl.invoke(NativeMethodAccessorImpl.java:62)
	at java.base/jdk.internal.reflect.DelegatingMethodAccessorImpl.invoke(DelegatingMethodAccessorImpl.java:43)
	at java.base/java.lang.reflect.Method.invoke(Method.java:566)
	at org.testng.internal.invokers.MethodInvocationHelper.invokeMethod(MethodInvocationHelper.java:139)
	at org.testng.internal.invokers.TestInvoker.invokeMethod(TestInvoker.java:664)
	at org.testng.internal.invokers.TestInvoker.invokeTestMethod(TestInvoker.java:228)
	at org.testng.internal.invokers.MethodRunner.runInSequence(MethodRunner.java:63)
	at org.testng.internal.invokers.TestInvoker$MethodInvocationAgent.invoke(TestInvoker.java:961)
	at org.testng.internal.invokers.TestInvoker.invokeTestMethods(TestInvoker.java:201)
	at org.testng.internal.invokers.TestMethodWorker.invokeTestMethods(TestMethodWorker.java:148)
	at org.testng.internal.invokers.TestMethodWorker.run(TestMethodWorker.java:128)
	at java.base/java.util.ArrayList.forEach(ArrayList.java:1541)
	at org.testng.TestRunner.privateRun(TestRunner.java:819)
	at org.testng.TestRunner.run(TestRunner.java:619)
	at org.testng.SuiteRunner.runTest(SuiteRunner.java:443)
	at org.testng.SuiteRunner.runSequentially(SuiteRunner.java:437)
	at org.testng.SuiteRunner.privateRun(SuiteRunner.java:397)
	at org.testng.SuiteRunner.run(SuiteRunner.java:336)
	at org.testng.SuiteRunnerWorker.runSuite(SuiteRunnerWorker.java:52)
	at org.testng.SuiteRunnerWorker.run(SuiteRunnerWorker.java:95)
	at org.testng.TestNG.runSuitesSequentially(TestNG.java:1301)
	at org.testng.TestNG.runSuitesLocally(TestNG.java:1228)
	at org.testng.TestNG.runSuites(TestNG.java:1134)
	at org.testng.TestNG.run(TestNG.java:1101)
	at org.apache.maven.surefire.testng.TestNGExecutor.run(TestNGExecutor.java:308)
	at org.apache.maven.surefire.testng.TestNGXmlTestSuite.execute(TestNGXmlTestSuite.java:71)
	at org.apache.maven.surefire.testng.TestNGProvider.invoke(TestNGProvider.java:113)
	at org.apache.maven.surefire.booter.ForkedBooter.runSuitesInProcess(ForkedBooter.java:385)
	at org.apache.maven.surefire.booter.ForkedBooter.execute(ForkedBooter.java:162)
	at org.apache.maven.surefire.booter.ForkedBooter.run(ForkedBooter.java:507)
	at org.apache.maven.surefire.booter.ForkedBooter.main(ForkedBooter.java:495)
]]></failure>
    <system-out><![CDATA[02-10-2024 14:53:27 BasicClientConnectionManager.java DEBUG [main] conn.BasicClientConnectionManager 161 - Get connection for route {s}->https://petstore.swagger.io:443
02-10-2024 14:53:27 DefaultClientConnectionOperator.java DEBUG [main] conn.DefaultClientConnectionOperator 177 - Connecting to petstore.swagger.io:443
02-10-2024 14:53:28 RequestAddCookies.java DEBUG [main] protocol.RequestAddCookies 123 - CookieSpec selected: ignoreCookies
02-10-2024 14:53:28 RequestAuthCache.java DEBUG [main] protocol.RequestAuthCache 77 - Auth cache not set in the context
02-10-2024 14:53:28 RequestTargetAuthentication.java DEBUG [main] protocol.RequestTargetAuthentication 80 - Target auth state: UNCHALLENGED
02-10-2024 14:53:28 RequestProxyAuthentication.java DEBUG [main] protocol.RequestProxyAuthentication 89 - Proxy auth state: UNCHALLENGED
02-10-2024 14:53:28 DefaultRequestDirector.java DEBUG [main] client.DefaultHttpClient 677 - Attempt 1 to execute request
02-10-2024 14:53:28 DefaultClientConnection.java DEBUG [main] conn.DefaultClientConnection 274 - Sending request: DELETE /v2/user/simon.schowalter HTTP/1.1
02-10-2024 14:53:28 Wire.java DEBUG [main] http.wire 73 -  >> "DELETE /v2/user/simon.schowalter HTTP/1.1[\r][\n]"
02-10-2024 14:53:28 Wire.java DEBUG [main] http.wire 73 -  >> "Accept: */*[\r][\n]"
02-10-2024 14:53:28 Wire.java DEBUG [main] http.wire 73 -  >> "Host: petstore.swagger.io[\r][\n]"
02-10-2024 14:53:28 Wire.java DEBUG [main] http.wire 73 -  >> "Connection: Keep-Alive[\r][\n]"
02-10-2024 14:53:28 Wire.java DEBUG [main] http.wire 73 -  >> "User-Agent: Apache-HttpClient/4.5.13 (Java/11.0.18)[\r][\n]"
02-10-2024 14:53:28 Wire.java DEBUG [main] http.wire 73 -  >> "Accept-Encoding: gzip,deflate[\r][\n]"
02-10-2024 14:53:28 Wire.java DEBUG [main] http.wire 73 -  >> "[\r][\n]"
02-10-2024 14:53:28 DefaultClientConnection.java DEBUG [main] http.headers 278 - >> DELETE /v2/user/simon.schowalter HTTP/1.1
02-10-2024 14:53:28 DefaultClientConnection.java DEBUG [main] http.headers 281 - >> Accept: */*
02-10-2024 14:53:28 DefaultClientConnection.java DEBUG [main] http.headers 281 - >> Host: petstore.swagger.io
02-10-2024 14:53:28 DefaultClientConnection.java DEBUG [main] http.headers 281 - >> Connection: Keep-Alive
02-10-2024 14:53:28 DefaultClientConnection.java DEBUG [main] http.headers 281 - >> User-Agent: Apache-HttpClient/4.5.13 (Java/11.0.18)
02-10-2024 14:53:28 DefaultClientConnection.java DEBUG [main] http.headers 281 - >> Accept-Encoding: gzip,deflate
02-10-2024 14:53:28 Wire.java DEBUG [main] http.wire 73 -  << "HTTP/1.1 404 Not Found[\r][\n]"
02-10-2024 14:53:28 Wire.java DEBUG [main] http.wire 73 -  << "Date: Sat, 10 Feb 2024 09:23:29 GMT[\r][\n]"
02-10-2024 14:53:28 Wire.java DEBUG [main] http.wire 73 -  << "Content-Length: 0[\r][\n]"
02-10-2024 14:53:28 Wire.java DEBUG [main] http.wire 73 -  << "Connection: keep-alive[\r][\n]"
02-10-2024 14:53:28 Wire.java DEBUG [main] http.wire 73 -  << "Access-Control-Allow-Origin: *[\r][\n]"
02-10-2024 14:53:28 Wire.java DEBUG [main] http.wire 73 -  << "Access-Control-Allow-Methods: GET, POST, DELETE, PUT[\r][\n]"
02-10-2024 14:53:28 Wire.java DEBUG [main] http.wire 73 -  << "Access-Control-Allow-Headers: Content-Type, api_key, Authorization[\r][\n]"
02-10-2024 14:53:28 Wire.java DEBUG [main] http.wire 73 -  << "Server: Jetty(9.2.9.v20150224)[\r][\n]"
02-10-2024 14:53:28 Wire.java DEBUG [main] http.wire 73 -  << "[\r][\n]"
02-10-2024 14:53:28 DefaultClientConnection.java DEBUG [main] conn.DefaultClientConnection 259 - Receiving response: HTTP/1.1 404 Not Found
02-10-2024 14:53:28 DefaultClientConnection.java DEBUG [main] http.headers 262 - << HTTP/1.1 404 Not Found
02-10-2024 14:53:28 DefaultClientConnection.java DEBUG [main] http.headers 265 - << Date: Sat, 10 Feb 2024 09:23:29 GMT
02-10-2024 14:53:28 DefaultClientConnection.java DEBUG [main] http.headers 265 - << Content-Length: 0
02-10-2024 14:53:28 DefaultClientConnection.java DEBUG [main] http.headers 265 - << Connection: keep-alive
02-10-2024 14:53:28 DefaultClientConnection.java DEBUG [main] http.headers 265 - << Access-Control-Allow-Origin: *
02-10-2024 14:53:28 DefaultClientConnection.java DEBUG [main] http.headers 265 - << Access-Control-Allow-Methods: GET, POST, DELETE, PUT
02-10-2024 14:53:28 DefaultClientConnection.java DEBUG [main] http.headers 265 - << Access-Control-Allow-Headers: Content-Type, api_key, Authorization
02-10-2024 14:53:28 DefaultClientConnection.java DEBUG [main] http.headers 265 - << Server: Jetty(9.2.9.v20150224)
02-10-2024 14:53:28 DefaultRequestDirector.java DEBUG [main] client.DefaultHttpClient 504 - Connection can be kept alive indefinitely
HTTP/1.1 404 Not Found
Date: Sat, 10 Feb 2024 09:23:29 GMT
Content-Length: 0
Connection: keep-alive
Access-Control-Allow-Origin: *
Access-Control-Allow-Methods: GET, POST, DELETE, PUT
Access-Control-Allow-Headers: Content-Type, api_key, Authorization
Server: Jetty(9.2.9.v20150224)
]]></system-out>
    <system-err><![CDATA[SLF4J: Failed to load class "org.slf4j.impl.StaticLoggerBinder".
SLF4J: Defaulting to no-operation (NOP) logger implementation
SLF4J: See http://www.slf4j.org/codes.html#StaticLoggerBinder for further details.
]]></system-err>
  </testcase>
  <testcase name="testUpdateUserByName" classname="com.api.tests.UserTest" time="3.168">
    <system-out><![CDATA[02-10-2024 14:53:29 BasicClientConnectionManager.java DEBUG [main] conn.BasicClientConnectionManager 161 - Get connection for route {s}->https://petstore.swagger.io:443
02-10-2024 14:53:29 DefaultClientConnectionOperator.java DEBUG [main] conn.DefaultClientConnectionOperator 177 - Connecting to petstore.swagger.io:443
02-10-2024 14:53:30 RequestAddCookies.java DEBUG [main] protocol.RequestAddCookies 123 - CookieSpec selected: ignoreCookies
02-10-2024 14:53:30 RequestAuthCache.java DEBUG [main] protocol.RequestAuthCache 77 - Auth cache not set in the context
02-10-2024 14:53:30 RequestTargetAuthentication.java DEBUG [main] protocol.RequestTargetAuthentication 80 - Target auth state: UNCHALLENGED
02-10-2024 14:53:30 RequestProxyAuthentication.java DEBUG [main] protocol.RequestProxyAuthentication 89 - Proxy auth state: UNCHALLENGED
02-10-2024 14:53:30 DefaultRequestDirector.java DEBUG [main] client.DefaultHttpClient 677 - Attempt 1 to execute request
02-10-2024 14:53:30 DefaultClientConnection.java DEBUG [main] conn.DefaultClientConnection 274 - Sending request: PUT /v2/user/simon.schowalter HTTP/1.1
02-10-2024 14:53:30 Wire.java DEBUG [main] http.wire 73 -  >> "PUT /v2/user/simon.schowalter HTTP/1.1[\r][\n]"
02-10-2024 14:53:30 Wire.java DEBUG [main] http.wire 73 -  >> "Accept: application/json, application/javascript, text/javascript, text/json[\r][\n]"
02-10-2024 14:53:30 Wire.java DEBUG [main] http.wire 73 -  >> "Content-Type: application/json[\r][\n]"
02-10-2024 14:53:30 Wire.java DEBUG [main] http.wire 73 -  >> "Content-Length: 179[\r][\n]"
02-10-2024 14:53:30 Wire.java DEBUG [main] http.wire 73 -  >> "Host: petstore.swagger.io[\r][\n]"
02-10-2024 14:53:30 Wire.java DEBUG [main] http.wire 73 -  >> "Connection: Keep-Alive[\r][\n]"
02-10-2024 14:53:30 Wire.java DEBUG [main] http.wire 73 -  >> "User-Agent: Apache-HttpClient/4.5.13 (Java/11.0.18)[\r][\n]"
02-10-2024 14:53:30 Wire.java DEBUG [main] http.wire 73 -  >> "Accept-Encoding: gzip,deflate[\r][\n]"
02-10-2024 14:53:30 Wire.java DEBUG [main] http.wire 73 -  >> "[\r][\n]"
02-10-2024 14:53:30 DefaultClientConnection.java DEBUG [main] http.headers 278 - >> PUT /v2/user/simon.schowalter HTTP/1.1
02-10-2024 14:53:30 DefaultClientConnection.java DEBUG [main] http.headers 281 - >> Accept: application/json, application/javascript, text/javascript, text/json
02-10-2024 14:53:30 DefaultClientConnection.java DEBUG [main] http.headers 281 - >> Content-Type: application/json
02-10-2024 14:53:30 DefaultClientConnection.java DEBUG [main] http.headers 281 - >> Content-Length: 179
02-10-2024 14:53:30 DefaultClientConnection.java DEBUG [main] http.headers 281 - >> Host: petstore.swagger.io
02-10-2024 14:53:30 DefaultClientConnection.java DEBUG [main] http.headers 281 - >> Connection: Keep-Alive
02-10-2024 14:53:30 DefaultClientConnection.java DEBUG [main] http.headers 281 - >> User-Agent: Apache-HttpClient/4.5.13 (Java/11.0.18)
02-10-2024 14:53:30 DefaultClientConnection.java DEBUG [main] http.headers 281 - >> Accept-Encoding: gzip,deflate
02-10-2024 14:53:30 Wire.java DEBUG [main] http.wire 87 -  >> "{"id":1852661033,"userName":"simon.schowalter","firstName":"Joshua","lastName":"Moen","email":"preston.davis@example.com","password":"kkkb5","phone":"779-694-5861","userStatus":0}"
02-10-2024 14:53:30 Wire.java DEBUG [main] http.wire 73 -  << "HTTP/1.1 200 OK[\r][\n]"
02-10-2024 14:53:30 Wire.java DEBUG [main] http.wire 73 -  << "Date: Sat, 10 Feb 2024 09:23:31 GMT[\r][\n]"
02-10-2024 14:53:30 Wire.java DEBUG [main] http.wire 73 -  << "Content-Type: application/json[\r][\n]"
02-10-2024 14:53:30 Wire.java DEBUG [main] http.wire 73 -  << "Transfer-Encoding: chunked[\r][\n]"
02-10-2024 14:53:30 Wire.java DEBUG [main] http.wire 73 -  << "Connection: keep-alive[\r][\n]"
02-10-2024 14:53:30 Wire.java DEBUG [main] http.wire 73 -  << "Access-Control-Allow-Origin: *[\r][\n]"
02-10-2024 14:53:30 Wire.java DEBUG [main] http.wire 73 -  << "Access-Control-Allow-Methods: GET, POST, DELETE, PUT[\r][\n]"
02-10-2024 14:53:30 Wire.java DEBUG [main] http.wire 73 -  << "Access-Control-Allow-Headers: Content-Type, api_key, Authorization[\r][\n]"
02-10-2024 14:53:30 Wire.java DEBUG [main] http.wire 73 -  << "Server: Jetty(9.2.9.v20150224)[\r][\n]"
02-10-2024 14:53:30 Wire.java DEBUG [main] http.wire 73 -  << "[\r][\n]"
02-10-2024 14:53:30 DefaultClientConnection.java DEBUG [main] conn.DefaultClientConnection 259 - Receiving response: HTTP/1.1 200 OK
02-10-2024 14:53:30 DefaultClientConnection.java DEBUG [main] http.headers 262 - << HTTP/1.1 200 OK
02-10-2024 14:53:30 DefaultClientConnection.java DEBUG [main] http.headers 265 - << Date: Sat, 10 Feb 2024 09:23:31 GMT
02-10-2024 14:53:30 DefaultClientConnection.java DEBUG [main] http.headers 265 - << Content-Type: application/json
02-10-2024 14:53:30 DefaultClientConnection.java DEBUG [main] http.headers 265 - << Transfer-Encoding: chunked
02-10-2024 14:53:30 DefaultClientConnection.java DEBUG [main] http.headers 265 - << Connection: keep-alive
02-10-2024 14:53:30 DefaultClientConnection.java DEBUG [main] http.headers 265 - << Access-Control-Allow-Origin: *
02-10-2024 14:53:30 DefaultClientConnection.java DEBUG [main] http.headers 265 - << Access-Control-Allow-Methods: GET, POST, DELETE, PUT
02-10-2024 14:53:30 DefaultClientConnection.java DEBUG [main] http.headers 265 - << Access-Control-Allow-Headers: Content-Type, api_key, Authorization
02-10-2024 14:53:30 DefaultClientConnection.java DEBUG [main] http.headers 265 - << Server: Jetty(9.2.9.v20150224)
02-10-2024 14:53:30 DefaultRequestDirector.java DEBUG [main] client.DefaultHttpClient 504 - Connection can be kept alive indefinitely
02-10-2024 14:53:30 HTTPBuilder.java DEBUG [main] internal.RestAssuredHttpBuilder 553 - Parsing response as: application/json
02-10-2024 14:53:30 HTTPBuilder.java DEBUG [main] internal.RestAssuredHttpBuilder 556 - Parsed data to instance of: class org.apache.http.conn.EofSensorInputStream
02-10-2024 14:53:30 Wire.java DEBUG [main] http.wire 73 -  << "34[\r][\n]"
02-10-2024 14:53:30 Wire.java DEBUG [main] http.wire 87 -  << "{"code":200,"type":"unknown","message":"1852661033"}"
02-10-2024 14:53:30 Wire.java DEBUG [main] http.wire 73 -  << "[\r][\n]"
02-10-2024 14:53:30 Wire.java DEBUG [main] http.wire 73 -  << "0[\r][\n]"
02-10-2024 14:53:30 Wire.java DEBUG [main] http.wire 73 -  << "[\r][\n]"
02-10-2024 14:53:30 BasicClientConnectionManager.java DEBUG [main] conn.BasicClientConnectionManager 200 - Releasing connection org.apache.http.impl.conn.ManagedClientConnectionImpl@4e3ffd0
02-10-2024 14:53:30 BasicClientConnectionManager.java DEBUG [main] conn.BasicClientConnectionManager 225 - Connection can be kept alive indefinitely
{
    "code": 200,
    "type": "unknown",
    "message": "1852661033"
}
02-10-2024 14:53:30 BasicClientConnectionManager.java DEBUG [main] conn.BasicClientConnectionManager 161 - Get connection for route {s}->https://petstore.swagger.io:443
02-10-2024 14:53:30 DefaultClientConnectionOperator.java DEBUG [main] conn.DefaultClientConnectionOperator 177 - Connecting to petstore.swagger.io:443
02-10-2024 14:53:31 RequestAddCookies.java DEBUG [main] protocol.RequestAddCookies 123 - CookieSpec selected: ignoreCookies
02-10-2024 14:53:31 RequestAuthCache.java DEBUG [main] protocol.RequestAuthCache 77 - Auth cache not set in the context
02-10-2024 14:53:31 RequestTargetAuthentication.java DEBUG [main] protocol.RequestTargetAuthentication 80 - Target auth state: UNCHALLENGED
02-10-2024 14:53:31 RequestProxyAuthentication.java DEBUG [main] protocol.RequestProxyAuthentication 89 - Proxy auth state: UNCHALLENGED
02-10-2024 14:53:31 DefaultRequestDirector.java DEBUG [main] client.DefaultHttpClient 677 - Attempt 1 to execute request
02-10-2024 14:53:31 DefaultClientConnection.java DEBUG [main] conn.DefaultClientConnection 274 - Sending request: PUT /v2/user/simon.schowalter HTTP/1.1
02-10-2024 14:53:31 Wire.java DEBUG [main] http.wire 73 -  >> "PUT /v2/user/simon.schowalter HTTP/1.1[\r][\n]"
02-10-2024 14:53:31 Wire.java DEBUG [main] http.wire 73 -  >> "Accept: application/json, application/javascript, text/javascript, text/json[\r][\n]"
02-10-2024 14:53:31 Wire.java DEBUG [main] http.wire 73 -  >> "Content-Type: application/json[\r][\n]"
02-10-2024 14:53:31 Wire.java DEBUG [main] http.wire 73 -  >> "Content-Length: 179[\r][\n]"
02-10-2024 14:53:31 Wire.java DEBUG [main] http.wire 73 -  >> "Host: petstore.swagger.io[\r][\n]"
02-10-2024 14:53:31 Wire.java DEBUG [main] http.wire 73 -  >> "Connection: Keep-Alive[\r][\n]"
02-10-2024 14:53:31 Wire.java DEBUG [main] http.wire 73 -  >> "User-Agent: Apache-HttpClient/4.5.13 (Java/11.0.18)[\r][\n]"
02-10-2024 14:53:31 Wire.java DEBUG [main] http.wire 73 -  >> "Accept-Encoding: gzip,deflate[\r][\n]"
02-10-2024 14:53:31 Wire.java DEBUG [main] http.wire 73 -  >> "[\r][\n]"
02-10-2024 14:53:31 DefaultClientConnection.java DEBUG [main] http.headers 278 - >> PUT /v2/user/simon.schowalter HTTP/1.1
02-10-2024 14:53:31 DefaultClientConnection.java DEBUG [main] http.headers 281 - >> Accept: application/json, application/javascript, text/javascript, text/json
02-10-2024 14:53:31 DefaultClientConnection.java DEBUG [main] http.headers 281 - >> Content-Type: application/json
02-10-2024 14:53:31 DefaultClientConnection.java DEBUG [main] http.headers 281 - >> Content-Length: 179
02-10-2024 14:53:31 DefaultClientConnection.java DEBUG [main] http.headers 281 - >> Host: petstore.swagger.io
02-10-2024 14:53:31 DefaultClientConnection.java DEBUG [main] http.headers 281 - >> Connection: Keep-Alive
02-10-2024 14:53:31 DefaultClientConnection.java DEBUG [main] http.headers 281 - >> User-Agent: Apache-HttpClient/4.5.13 (Java/11.0.18)
02-10-2024 14:53:31 DefaultClientConnection.java DEBUG [main] http.headers 281 - >> Accept-Encoding: gzip,deflate
02-10-2024 14:53:31 Wire.java DEBUG [main] http.wire 87 -  >> "{"id":1852661033,"userName":"simon.schowalter","firstName":"Joshua","lastName":"Moen","email":"preston.davis@example.com","password":"kkkb5","phone":"779-694-5861","userStatus":0}"
02-10-2024 14:53:32 Wire.java DEBUG [main] http.wire 73 -  << "HTTP/1.1 200 OK[\r][\n]"
02-10-2024 14:53:32 Wire.java DEBUG [main] http.wire 73 -  << "Date: Sat, 10 Feb 2024 09:23:32 GMT[\r][\n]"
02-10-2024 14:53:32 Wire.java DEBUG [main] http.wire 73 -  << "Content-Type: application/json[\r][\n]"
02-10-2024 14:53:32 Wire.java DEBUG [main] http.wire 73 -  << "Transfer-Encoding: chunked[\r][\n]"
02-10-2024 14:53:32 Wire.java DEBUG [main] http.wire 73 -  << "Connection: keep-alive[\r][\n]"
02-10-2024 14:53:32 Wire.java DEBUG [main] http.wire 73 -  << "Access-Control-Allow-Origin: *[\r][\n]"
02-10-2024 14:53:32 Wire.java DEBUG [main] http.wire 73 -  << "Access-Control-Allow-Methods: GET, POST, DELETE, PUT[\r][\n]"
02-10-2024 14:53:32 Wire.java DEBUG [main] http.wire 73 -  << "Access-Control-Allow-Headers: Content-Type, api_key, Authorization[\r][\n]"
02-10-2024 14:53:32 Wire.java DEBUG [main] http.wire 73 -  << "Server: Jetty(9.2.9.v20150224)[\r][\n]"
02-10-2024 14:53:32 Wire.java DEBUG [main] http.wire 73 -  << "[\r][\n]"
02-10-2024 14:53:32 DefaultClientConnection.java DEBUG [main] conn.DefaultClientConnection 259 - Receiving response: HTTP/1.1 200 OK
02-10-2024 14:53:32 DefaultClientConnection.java DEBUG [main] http.headers 262 - << HTTP/1.1 200 OK
02-10-2024 14:53:32 DefaultClientConnection.java DEBUG [main] http.headers 265 - << Date: Sat, 10 Feb 2024 09:23:32 GMT
02-10-2024 14:53:32 DefaultClientConnection.java DEBUG [main] http.headers 265 - << Content-Type: application/json
02-10-2024 14:53:32 DefaultClientConnection.java DEBUG [main] http.headers 265 - << Transfer-Encoding: chunked
02-10-2024 14:53:32 DefaultClientConnection.java DEBUG [main] http.headers 265 - << Connection: keep-alive
02-10-2024 14:53:32 DefaultClientConnection.java DEBUG [main] http.headers 265 - << Access-Control-Allow-Origin: *
02-10-2024 14:53:32 DefaultClientConnection.java DEBUG [main] http.headers 265 - << Access-Control-Allow-Methods: GET, POST, DELETE, PUT
02-10-2024 14:53:32 DefaultClientConnection.java DEBUG [main] http.headers 265 - << Access-Control-Allow-Headers: Content-Type, api_key, Authorization
02-10-2024 14:53:32 DefaultClientConnection.java DEBUG [main] http.headers 265 - << Server: Jetty(9.2.9.v20150224)
02-10-2024 14:53:32 DefaultRequestDirector.java DEBUG [main] client.DefaultHttpClient 504 - Connection can be kept alive indefinitely
02-10-2024 14:53:32 HTTPBuilder.java DEBUG [main] internal.RestAssuredHttpBuilder 553 - Parsing response as: application/json
02-10-2024 14:53:32 HTTPBuilder.java DEBUG [main] internal.RestAssuredHttpBuilder 556 - Parsed data to instance of: class org.apache.http.conn.EofSensorInputStream
HTTP/1.1 200 OK
Date: Sat, 10 Feb 2024 09:23:31 GMT
Content-Type: application/json
Transfer-Encoding: chunked
Connection: keep-alive
Access-Control-Allow-Origin: *
Access-Control-Allow-Methods: GET, POST, DELETE, PUT
Access-Control-Allow-Headers: Content-Type, api_key, Authorization
Server: Jetty(9.2.9.v20150224)

{
    "code": 200,
    "type": "unknown",
    "message": "1852661033"
}
]]></system-out>
  </testcase>
  <testcase name="testPostUser" classname="com.api.tests.UserTest" time="1.382">
    <system-out><![CDATA[02-10-2024 14:53:32 BasicClientConnectionManager.java DEBUG [main] conn.BasicClientConnectionManager 161 - Get connection for route {s}->https://petstore.swagger.io:443
02-10-2024 14:53:32 DefaultClientConnectionOperator.java DEBUG [main] conn.DefaultClientConnectionOperator 177 - Connecting to petstore.swagger.io:443
02-10-2024 14:53:33 RequestAddCookies.java DEBUG [main] protocol.RequestAddCookies 123 - CookieSpec selected: ignoreCookies
02-10-2024 14:53:33 RequestAuthCache.java DEBUG [main] protocol.RequestAuthCache 77 - Auth cache not set in the context
02-10-2024 14:53:33 RequestTargetAuthentication.java DEBUG [main] protocol.RequestTargetAuthentication 80 - Target auth state: UNCHALLENGED
02-10-2024 14:53:33 RequestProxyAuthentication.java DEBUG [main] protocol.RequestProxyAuthentication 89 - Proxy auth state: UNCHALLENGED
02-10-2024 14:53:33 DefaultRequestDirector.java DEBUG [main] client.DefaultHttpClient 677 - Attempt 1 to execute request
02-10-2024 14:53:33 DefaultClientConnection.java DEBUG [main] conn.DefaultClientConnection 274 - Sending request: POST /v2/user HTTP/1.1
02-10-2024 14:53:33 Wire.java DEBUG [main] http.wire 73 -  >> "POST /v2/user HTTP/1.1[\r][\n]"
02-10-2024 14:53:33 Wire.java DEBUG [main] http.wire 73 -  >> "Accept: application/json, application/javascript, text/javascript, text/json[\r][\n]"
02-10-2024 14:53:33 Wire.java DEBUG [main] http.wire 73 -  >> "Content-Type: application/json[\r][\n]"
02-10-2024 14:53:33 Wire.java DEBUG [main] http.wire 73 -  >> "Content-Length: 179[\r][\n]"
02-10-2024 14:53:33 Wire.java DEBUG [main] http.wire 73 -  >> "Host: petstore.swagger.io[\r][\n]"
02-10-2024 14:53:33 Wire.java DEBUG [main] http.wire 73 -  >> "Connection: Keep-Alive[\r][\n]"
02-10-2024 14:53:33 Wire.java DEBUG [main] http.wire 73 -  >> "User-Agent: Apache-HttpClient/4.5.13 (Java/11.0.18)[\r][\n]"
02-10-2024 14:53:33 Wire.java DEBUG [main] http.wire 73 -  >> "Accept-Encoding: gzip,deflate[\r][\n]"
02-10-2024 14:53:33 Wire.java DEBUG [main] http.wire 73 -  >> "[\r][\n]"
02-10-2024 14:53:33 DefaultClientConnection.java DEBUG [main] http.headers 278 - >> POST /v2/user HTTP/1.1
02-10-2024 14:53:33 DefaultClientConnection.java DEBUG [main] http.headers 281 - >> Accept: application/json, application/javascript, text/javascript, text/json
02-10-2024 14:53:33 DefaultClientConnection.java DEBUG [main] http.headers 281 - >> Content-Type: application/json
02-10-2024 14:53:33 DefaultClientConnection.java DEBUG [main] http.headers 281 - >> Content-Length: 179
02-10-2024 14:53:33 DefaultClientConnection.java DEBUG [main] http.headers 281 - >> Host: petstore.swagger.io
02-10-2024 14:53:33 DefaultClientConnection.java DEBUG [main] http.headers 281 - >> Connection: Keep-Alive
02-10-2024 14:53:33 DefaultClientConnection.java DEBUG [main] http.headers 281 - >> User-Agent: Apache-HttpClient/4.5.13 (Java/11.0.18)
02-10-2024 14:53:33 DefaultClientConnection.java DEBUG [main] http.headers 281 - >> Accept-Encoding: gzip,deflate
02-10-2024 14:53:33 Wire.java DEBUG [main] http.wire 87 -  >> "{"id":1852661033,"userName":"simon.schowalter","firstName":"Joshua","lastName":"Moen","email":"preston.davis@example.com","password":"kkkb5","phone":"779-694-5861","userStatus":0}"
02-10-2024 14:53:33 Wire.java DEBUG [main] http.wire 73 -  << "HTTP/1.1 200 OK[\r][\n]"
02-10-2024 14:53:33 Wire.java DEBUG [main] http.wire 73 -  << "Date: Sat, 10 Feb 2024 09:23:33 GMT[\r][\n]"
02-10-2024 14:53:33 Wire.java DEBUG [main] http.wire 73 -  << "Content-Type: application/json[\r][\n]"
02-10-2024 14:53:33 Wire.java DEBUG [main] http.wire 73 -  << "Transfer-Encoding: chunked[\r][\n]"
02-10-2024 14:53:33 Wire.java DEBUG [main] http.wire 73 -  << "Connection: keep-alive[\r][\n]"
02-10-2024 14:53:33 Wire.java DEBUG [main] http.wire 73 -  << "Access-Control-Allow-Origin: *[\r][\n]"
02-10-2024 14:53:33 Wire.java DEBUG [main] http.wire 73 -  << "Access-Control-Allow-Methods: GET, POST, DELETE, PUT[\r][\n]"
02-10-2024 14:53:33 Wire.java DEBUG [main] http.wire 73 -  << "Access-Control-Allow-Headers: Content-Type, api_key, Authorization[\r][\n]"
02-10-2024 14:53:33 Wire.java DEBUG [main] http.wire 73 -  << "Server: Jetty(9.2.9.v20150224)[\r][\n]"
02-10-2024 14:53:33 Wire.java DEBUG [main] http.wire 73 -  << "[\r][\n]"
02-10-2024 14:53:33 DefaultClientConnection.java DEBUG [main] conn.DefaultClientConnection 259 - Receiving response: HTTP/1.1 200 OK
02-10-2024 14:53:33 DefaultClientConnection.java DEBUG [main] http.headers 262 - << HTTP/1.1 200 OK
02-10-2024 14:53:33 DefaultClientConnection.java DEBUG [main] http.headers 265 - << Date: Sat, 10 Feb 2024 09:23:33 GMT
02-10-2024 14:53:33 DefaultClientConnection.java DEBUG [main] http.headers 265 - << Content-Type: application/json
02-10-2024 14:53:33 DefaultClientConnection.java DEBUG [main] http.headers 265 - << Transfer-Encoding: chunked
02-10-2024 14:53:33 DefaultClientConnection.java DEBUG [main] http.headers 265 - << Connection: keep-alive
02-10-2024 14:53:33 DefaultClientConnection.java DEBUG [main] http.headers 265 - << Access-Control-Allow-Origin: *
02-10-2024 14:53:33 DefaultClientConnection.java DEBUG [main] http.headers 265 - << Access-Control-Allow-Methods: GET, POST, DELETE, PUT
02-10-2024 14:53:33 DefaultClientConnection.java DEBUG [main] http.headers 265 - << Access-Control-Allow-Headers: Content-Type, api_key, Authorization
02-10-2024 14:53:33 DefaultClientConnection.java DEBUG [main] http.headers 265 - << Server: Jetty(9.2.9.v20150224)
02-10-2024 14:53:33 DefaultRequestDirector.java DEBUG [main] client.DefaultHttpClient 504 - Connection can be kept alive indefinitely
02-10-2024 14:53:33 HTTPBuilder.java DEBUG [main] internal.RestAssuredHttpBuilder 553 - Parsing response as: application/json
02-10-2024 14:53:33 HTTPBuilder.java DEBUG [main] internal.RestAssuredHttpBuilder 556 - Parsed data to instance of: class org.apache.http.conn.EofSensorInputStream
02-10-2024 14:53:33 Wire.java DEBUG [main] http.wire 73 -  << "34[\r][\n]"
02-10-2024 14:53:33 Wire.java DEBUG [main] http.wire 87 -  << "{"code":200,"type":"unknown","message":"1852661033"}"
02-10-2024 14:53:33 Wire.java DEBUG [main] http.wire 73 -  << "[\r][\n]"
02-10-2024 14:53:33 Wire.java DEBUG [main] http.wire 73 -  << "0[\r][\n]"
02-10-2024 14:53:33 Wire.java DEBUG [main] http.wire 73 -  << "[\r][\n]"
02-10-2024 14:53:33 BasicClientConnectionManager.java DEBUG [main] conn.BasicClientConnectionManager 200 - Releasing connection org.apache.http.impl.conn.ManagedClientConnectionImpl@6e78177b
02-10-2024 14:53:33 BasicClientConnectionManager.java DEBUG [main] conn.BasicClientConnectionManager 225 - Connection can be kept alive indefinitely
HTTP/1.1 200 OK
Date: Sat, 10 Feb 2024 09:23:33 GMT
Content-Type: application/json
Transfer-Encoding: chunked
Connection: keep-alive
Access-Control-Allow-Origin: *
Access-Control-Allow-Methods: GET, POST, DELETE, PUT
Access-Control-Allow-Headers: Content-Type, api_key, Authorization
Server: Jetty(9.2.9.v20150224)

{
    "code": 200,
    "type": "unknown",
    "message": "1852661033"
}
]]></system-out>
  </testcase>
  <testcase name="testGetUserByNae" classname="com.api.tests.UserTest" time="1.26">
    <failure message="expected [200] but found [404]" type="java.lang.AssertionError"><![CDATA[java.lang.AssertionError: expected [200] but found [404]
	at org.testng.Assert.fail(Assert.java:111)
	at org.testng.Assert.failNotEquals(Assert.java:1578)
	at org.testng.Assert.assertEqualsImpl(Assert.java:150)
	at org.testng.Assert.assertEquals(Assert.java:132)
	at org.testng.Assert.assertEquals(Assert.java:1419)
	at org.testng.Assert.assertEquals(Assert.java:1383)
	at org.testng.Assert.assertEquals(Assert.java:1429)
	at com.api.tests.UserTest.testGetUserByNae(UserTest.java:53)
	at java.base/jdk.internal.reflect.NativeMethodAccessorImpl.invoke0(Native Method)
	at java.base/jdk.internal.reflect.NativeMethodAccessorImpl.invoke(NativeMethodAccessorImpl.java:62)
	at java.base/jdk.internal.reflect.DelegatingMethodAccessorImpl.invoke(DelegatingMethodAccessorImpl.java:43)
	at java.base/java.lang.reflect.Method.invoke(Method.java:566)
	at org.testng.internal.invokers.MethodInvocationHelper.invokeMethod(MethodInvocationHelper.java:139)
	at org.testng.internal.invokers.TestInvoker.invokeMethod(TestInvoker.java:664)
	at org.testng.internal.invokers.TestInvoker.invokeTestMethod(TestInvoker.java:228)
	at org.testng.internal.invokers.MethodRunner.runInSequence(MethodRunner.java:63)
	at org.testng.internal.invokers.TestInvoker$MethodInvocationAgent.invoke(TestInvoker.java:961)
	at org.testng.internal.invokers.TestInvoker.invokeTestMethods(TestInvoker.java:201)
	at org.testng.internal.invokers.TestMethodWorker.invokeTestMethods(TestMethodWorker.java:148)
	at org.testng.internal.invokers.TestMethodWorker.run(TestMethodWorker.java:128)
	at java.base/java.util.ArrayList.forEach(ArrayList.java:1541)
	at org.testng.TestRunner.privateRun(TestRunner.java:819)
	at org.testng.TestRunner.run(TestRunner.java:619)
	at org.testng.SuiteRunner.runTest(SuiteRunner.java:443)
	at org.testng.SuiteRunner.runSequentially(SuiteRunner.java:437)
	at org.testng.SuiteRunner.privateRun(SuiteRunner.java:397)
	at org.testng.SuiteRunner.run(SuiteRunner.java:336)
	at org.testng.SuiteRunnerWorker.runSuite(SuiteRunnerWorker.java:52)
	at org.testng.SuiteRunnerWorker.run(SuiteRunnerWorker.java:95)
	at org.testng.TestNG.runSuitesSequentially(TestNG.java:1301)
	at org.testng.TestNG.runSuitesLocally(TestNG.java:1228)
	at org.testng.TestNG.runSuites(TestNG.java:1134)
	at org.testng.TestNG.run(TestNG.java:1101)
	at org.apache.maven.surefire.testng.TestNGExecutor.run(TestNGExecutor.java:308)
	at org.apache.maven.surefire.testng.TestNGXmlTestSuite.execute(TestNGXmlTestSuite.java:71)
	at org.apache.maven.surefire.testng.TestNGProvider.invoke(TestNGProvider.java:113)
	at org.apache.maven.surefire.booter.ForkedBooter.runSuitesInProcess(ForkedBooter.java:385)
	at org.apache.maven.surefire.booter.ForkedBooter.execute(ForkedBooter.java:162)
	at org.apache.maven.surefire.booter.ForkedBooter.run(ForkedBooter.java:507)
	at org.apache.maven.surefire.booter.ForkedBooter.main(ForkedBooter.java:495)
]]></failure>
    <system-out><![CDATA[02-10-2024 14:53:33 BasicClientConnectionManager.java DEBUG [main] conn.BasicClientConnectionManager 161 - Get connection for route {s}->https://petstore.swagger.io:443
02-10-2024 14:53:33 DefaultClientConnectionOperator.java DEBUG [main] conn.DefaultClientConnectionOperator 177 - Connecting to petstore.swagger.io:443
02-10-2024 14:53:34 RequestAddCookies.java DEBUG [main] protocol.RequestAddCookies 123 - CookieSpec selected: ignoreCookies
02-10-2024 14:53:34 RequestAuthCache.java DEBUG [main] protocol.RequestAuthCache 77 - Auth cache not set in the context
02-10-2024 14:53:34 RequestTargetAuthentication.java DEBUG [main] protocol.RequestTargetAuthentication 80 - Target auth state: UNCHALLENGED
02-10-2024 14:53:34 RequestProxyAuthentication.java DEBUG [main] protocol.RequestProxyAuthentication 89 - Proxy auth state: UNCHALLENGED
02-10-2024 14:53:34 DefaultRequestDirector.java DEBUG [main] client.DefaultHttpClient 677 - Attempt 1 to execute request
02-10-2024 14:53:34 DefaultClientConnection.java DEBUG [main] conn.DefaultClientConnection 274 - Sending request: GET /v2/user/simon.schowalter HTTP/1.1
02-10-2024 14:53:34 Wire.java DEBUG [main] http.wire 73 -  >> "GET /v2/user/simon.schowalter HTTP/1.1[\r][\n]"
02-10-2024 14:53:34 Wire.java DEBUG [main] http.wire 73 -  >> "Accept: */*[\r][\n]"
02-10-2024 14:53:34 Wire.java DEBUG [main] http.wire 73 -  >> "Host: petstore.swagger.io[\r][\n]"
02-10-2024 14:53:34 Wire.java DEBUG [main] http.wire 73 -  >> "Connection: Keep-Alive[\r][\n]"
02-10-2024 14:53:34 Wire.java DEBUG [main] http.wire 73 -  >> "User-Agent: Apache-HttpClient/4.5.13 (Java/11.0.18)[\r][\n]"
02-10-2024 14:53:34 Wire.java DEBUG [main] http.wire 73 -  >> "Accept-Encoding: gzip,deflate[\r][\n]"
02-10-2024 14:53:34 Wire.java DEBUG [main] http.wire 73 -  >> "[\r][\n]"
02-10-2024 14:53:34 DefaultClientConnection.java DEBUG [main] http.headers 278 - >> GET /v2/user/simon.schowalter HTTP/1.1
02-10-2024 14:53:34 DefaultClientConnection.java DEBUG [main] http.headers 281 - >> Accept: */*
02-10-2024 14:53:34 DefaultClientConnection.java DEBUG [main] http.headers 281 - >> Host: petstore.swagger.io
02-10-2024 14:53:34 DefaultClientConnection.java DEBUG [main] http.headers 281 - >> Connection: Keep-Alive
02-10-2024 14:53:34 DefaultClientConnection.java DEBUG [main] http.headers 281 - >> User-Agent: Apache-HttpClient/4.5.13 (Java/11.0.18)
02-10-2024 14:53:34 DefaultClientConnection.java DEBUG [main] http.headers 281 - >> Accept-Encoding: gzip,deflate
02-10-2024 14:53:34 Wire.java DEBUG [main] http.wire 73 -  << "HTTP/1.1 404 Not Found[\r][\n]"
02-10-2024 14:53:34 Wire.java DEBUG [main] http.wire 73 -  << "Date: Sat, 10 Feb 2024 09:23:35 GMT[\r][\n]"
02-10-2024 14:53:34 Wire.java DEBUG [main] http.wire 73 -  << "Content-Type: application/json[\r][\n]"
02-10-2024 14:53:34 Wire.java DEBUG [main] http.wire 73 -  << "Transfer-Encoding: chunked[\r][\n]"
02-10-2024 14:53:34 Wire.java DEBUG [main] http.wire 73 -  << "Connection: keep-alive[\r][\n]"
02-10-2024 14:53:34 Wire.java DEBUG [main] http.wire 73 -  << "Access-Control-Allow-Origin: *[\r][\n]"
02-10-2024 14:53:34 Wire.java DEBUG [main] http.wire 73 -  << "Access-Control-Allow-Methods: GET, POST, DELETE, PUT[\r][\n]"
02-10-2024 14:53:34 Wire.java DEBUG [main] http.wire 73 -  << "Access-Control-Allow-Headers: Content-Type, api_key, Authorization[\r][\n]"
02-10-2024 14:53:34 Wire.java DEBUG [main] http.wire 73 -  << "Server: Jetty(9.2.9.v20150224)[\r][\n]"
02-10-2024 14:53:34 Wire.java DEBUG [main] http.wire 73 -  << "[\r][\n]"
02-10-2024 14:53:34 DefaultClientConnection.java DEBUG [main] conn.DefaultClientConnection 259 - Receiving response: HTTP/1.1 404 Not Found
02-10-2024 14:53:34 DefaultClientConnection.java DEBUG [main] http.headers 262 - << HTTP/1.1 404 Not Found
02-10-2024 14:53:34 DefaultClientConnection.java DEBUG [main] http.headers 265 - << Date: Sat, 10 Feb 2024 09:23:35 GMT
02-10-2024 14:53:34 DefaultClientConnection.java DEBUG [main] http.headers 265 - << Content-Type: application/json
02-10-2024 14:53:34 DefaultClientConnection.java DEBUG [main] http.headers 265 - << Transfer-Encoding: chunked
02-10-2024 14:53:34 DefaultClientConnection.java DEBUG [main] http.headers 265 - << Connection: keep-alive
02-10-2024 14:53:34 DefaultClientConnection.java DEBUG [main] http.headers 265 - << Access-Control-Allow-Origin: *
02-10-2024 14:53:34 DefaultClientConnection.java DEBUG [main] http.headers 265 - << Access-Control-Allow-Methods: GET, POST, DELETE, PUT
02-10-2024 14:53:34 DefaultClientConnection.java DEBUG [main] http.headers 265 - << Access-Control-Allow-Headers: Content-Type, api_key, Authorization
02-10-2024 14:53:34 DefaultClientConnection.java DEBUG [main] http.headers 265 - << Server: Jetty(9.2.9.v20150224)
02-10-2024 14:53:34 DefaultRequestDirector.java DEBUG [main] client.DefaultHttpClient 504 - Connection can be kept alive indefinitely
02-10-2024 14:53:34 HTTPBuilder.java DEBUG [main] internal.RestAssuredHttpBuilder 553 - Parsing response as: application/json
02-10-2024 14:53:34 HTTPBuilder.java DEBUG [main] internal.RestAssuredHttpBuilder 556 - Parsed data to instance of: class org.apache.http.conn.EofSensorInputStream
02-10-2024 14:53:34 Wire.java DEBUG [main] http.wire 73 -  << "34[\r][\n]"
02-10-2024 14:53:34 Wire.java DEBUG [main] http.wire 87 -  << "{"code":1,"type":"error","message":"User not found"}"
02-10-2024 14:53:34 Wire.java DEBUG [main] http.wire 73 -  << "[\r][\n]"
02-10-2024 14:53:34 Wire.java DEBUG [main] http.wire 73 -  << "0[\r][\n]"
02-10-2024 14:53:34 Wire.java DEBUG [main] http.wire 73 -  << "[\r][\n]"
02-10-2024 14:53:34 BasicClientConnectionManager.java DEBUG [main] conn.BasicClientConnectionManager 200 - Releasing connection org.apache.http.impl.conn.ManagedClientConnectionImpl@3855b27e
02-10-2024 14:53:34 BasicClientConnectionManager.java DEBUG [main] conn.BasicClientConnectionManager 225 - Connection can be kept alive indefinitely
HTTP/1.1 404 Not Found
Date: Sat, 10 Feb 2024 09:23:35 GMT
Content-Type: application/json
Transfer-Encoding: chunked
Connection: keep-alive
Access-Control-Allow-Origin: *
Access-Control-Allow-Methods: GET, POST, DELETE, PUT
Access-Control-Allow-Headers: Content-Type, api_key, Authorization
Server: Jetty(9.2.9.v20150224)

{
    "code": 1,
    "type": "error",
    "message": "User not found"
}
]]></system-out>
  </testcase>
</testsuite>