<?xml version="1.0" encoding="UTF-8"?>
<!-- Generated by org.testng.reporters.JUnitReportReporter -->
<testsuite hostname="DESKTOP-BEK9VA8" failures="0" tests="4" name="com.api.tests.UserTest2" time="10.068" errors="0" timestamp="2024-02-10T14:48:27 IST" skipped="0">
  <testcase classname="com.api.tests.UserTest2" name="testPostUser" time="4.793"/>
  <testcase classname="com.api.tests.UserTest2" name="testGetUserByNae" time="1.356"/>
  <testcase classname="com.api.tests.UserTest2" name="testUpdateUserByName" time="2.620"/>
  <testcase classname="com.api.tests.UserTest2" name="testDeleteUserByName" time="1.299"/>
</testsuite> <!-- com.api.tests.UserTest2 -->
